ARM GAS  /var/folders/h5/b3x4g50d3yx3hd9mlg8mn_600000gn/T//cc80wOWl.s 			page 1


   1              		.cpu cortex-m4
   2              		.arch armv7e-m
   3              		.fpu fpv4-sp-d16
   4              		.eabi_attribute 27, 1
   5              		.eabi_attribute 28, 1
   6              		.eabi_attribute 20, 1
   7              		.eabi_attribute 21, 1
   8              		.eabi_attribute 23, 3
   9              		.eabi_attribute 24, 1
  10              		.eabi_attribute 25, 1
  11              		.eabi_attribute 26, 1
  12              		.eabi_attribute 30, 1
  13              		.eabi_attribute 34, 1
  14              		.eabi_attribute 18, 4
  15              		.file	"bsp_led.c"
  16              		.text
  17              	.Ltext0:
  18              		.cfi_sections	.debug_frame
  19              		.file 1 "bsp_led.c"
  20              		.section	.text.led_gpio_config,"ax",%progbits
  21              		.align	1
  22              		.global	led_gpio_config
  23              		.syntax unified
  24              		.thumb
  25              		.thumb_func
  27              	led_gpio_config:
  28              	.LFB116:
   1:bsp_led.c     **** #include "bsp_led.h"
   2:bsp_led.c     **** 
   3:bsp_led.c     **** void led_gpio_config(void)
   4:bsp_led.c     **** {
  29              		.loc 1 4 1 view -0
  30              		.cfi_startproc
  31              		@ args = 0, pretend = 0, frame = 0
  32              		@ frame_needed = 0, uses_anonymous_args = 0
  33 0000 F8B5     		push	{r3, r4, r5, r6, r7, lr}
  34              	.LCFI0:
  35              		.cfi_def_cfa_offset 24
  36              		.cfi_offset 3, -24
  37              		.cfi_offset 4, -20
  38              		.cfi_offset 5, -16
  39              		.cfi_offset 6, -12
  40              		.cfi_offset 7, -8
  41              		.cfi_offset 14, -4
   5:bsp_led.c     **** 	// 使能时钟
   6:bsp_led.c     **** 	rcu_periph_clock_enable(RCU_LED1);
  42              		.loc 1 6 2 view .LVU1
  43 0002 40F60440 		movw	r0, #3076
  44 0006 FFF7FEFF 		bl	rcu_periph_clock_enable
  45              	.LVL0:
   7:bsp_led.c     **** 	rcu_periph_clock_enable(RCU_LED2);
  46              		.loc 1 7 2 view .LVU2
  47 000a 40F60340 		movw	r0, #3075
  48 000e FFF7FEFF 		bl	rcu_periph_clock_enable
  49              	.LVL1:
   8:bsp_led.c     **** 	rcu_periph_clock_enable(RCU_LED3);
  50              		.loc 1 8 2 view .LVU3
ARM GAS  /var/folders/h5/b3x4g50d3yx3hd9mlg8mn_600000gn/T//cc80wOWl.s 			page 2


  51 0012 40F60640 		movw	r0, #3078
  52 0016 FFF7FEFF 		bl	rcu_periph_clock_enable
  53              	.LVL2:
   9:bsp_led.c     **** 	rcu_periph_clock_enable(RCU_LED4);
  54              		.loc 1 9 2 view .LVU4
  55 001a 4FF44060 		mov	r0, #3072
  56 001e FFF7FEFF 		bl	rcu_periph_clock_enable
  57              	.LVL3:
  10:bsp_led.c     **** 	// 配置GPIO的模式
  11:bsp_led.c     **** 	gpio_mode_set(PORT_LED1, GPIO_MODE_OUTPUT, GPIO_PUPD_NONE, PIN_LED1);
  58              		.loc 1 11 2 view .LVU5
  59 0022 1A4F     		ldr	r7, .L3
  60 0024 0823     		movs	r3, #8
  61 0026 0022     		movs	r2, #0
  62 0028 0121     		movs	r1, #1
  63 002a 3846     		mov	r0, r7
  64 002c FFF7FEFF 		bl	gpio_mode_set
  65              	.LVL4:
  12:bsp_led.c     **** 	gpio_mode_set(PORT_LED2, GPIO_MODE_OUTPUT, GPIO_PUPD_NONE, PIN_LED2);
  66              		.loc 1 12 2 view .LVU6
  67 0030 174E     		ldr	r6, .L3+4
  68 0032 8023     		movs	r3, #128
  69 0034 0022     		movs	r2, #0
  70 0036 0121     		movs	r1, #1
  71 0038 3046     		mov	r0, r6
  72 003a FFF7FEFF 		bl	gpio_mode_set
  73              	.LVL5:
  13:bsp_led.c     **** 	gpio_mode_set(PORT_LED3, GPIO_MODE_OUTPUT, GPIO_PUPD_NONE, PIN_LED3);
  74              		.loc 1 13 2 view .LVU7
  75 003e 154D     		ldr	r5, .L3+8
  76 0040 0823     		movs	r3, #8
  77 0042 0022     		movs	r2, #0
  78 0044 0121     		movs	r1, #1
  79 0046 2846     		mov	r0, r5
  80 0048 FFF7FEFF 		bl	gpio_mode_set
  81              	.LVL6:
  14:bsp_led.c     **** 	gpio_mode_set(PORT_LED4, GPIO_MODE_OUTPUT, GPIO_PUPD_NONE, PIN_LED4);
  82              		.loc 1 14 2 view .LVU8
  83 004c 124C     		ldr	r4, .L3+12
  84 004e 2023     		movs	r3, #32
  85 0050 0022     		movs	r2, #0
  86 0052 0121     		movs	r1, #1
  87 0054 2046     		mov	r0, r4
  88 0056 FFF7FEFF 		bl	gpio_mode_set
  89              	.LVL7:
  15:bsp_led.c     **** 	// 配置GPIO的输出
  16:bsp_led.c     **** 	gpio_output_options_set(PORT_LED1, GPIO_OTYPE_PP, GPIO_OSPEED_50MHZ, PIN_LED1);
  90              		.loc 1 16 2 view .LVU9
  91 005a 0823     		movs	r3, #8
  92 005c 0222     		movs	r2, #2
  93 005e 0021     		movs	r1, #0
  94 0060 3846     		mov	r0, r7
  95 0062 FFF7FEFF 		bl	gpio_output_options_set
  96              	.LVL8:
  17:bsp_led.c     **** 	gpio_output_options_set(PORT_LED2, GPIO_OTYPE_PP, GPIO_OSPEED_50MHZ, PIN_LED2);
  97              		.loc 1 17 2 view .LVU10
  98 0066 8023     		movs	r3, #128
ARM GAS  /var/folders/h5/b3x4g50d3yx3hd9mlg8mn_600000gn/T//cc80wOWl.s 			page 3


  99 0068 0222     		movs	r2, #2
 100 006a 0021     		movs	r1, #0
 101 006c 3046     		mov	r0, r6
 102 006e FFF7FEFF 		bl	gpio_output_options_set
 103              	.LVL9:
  18:bsp_led.c     **** 	gpio_output_options_set(PORT_LED3, GPIO_OTYPE_PP, GPIO_OSPEED_50MHZ, PIN_LED3);
 104              		.loc 1 18 2 view .LVU11
 105 0072 0823     		movs	r3, #8
 106 0074 0222     		movs	r2, #2
 107 0076 0021     		movs	r1, #0
 108 0078 2846     		mov	r0, r5
 109 007a FFF7FEFF 		bl	gpio_output_options_set
 110              	.LVL10:
  19:bsp_led.c     **** 	gpio_output_options_set(PORT_LED4, GPIO_OTYPE_PP, GPIO_OSPEED_50MHZ, PIN_LED4);
 111              		.loc 1 19 2 view .LVU12
 112 007e 2023     		movs	r3, #32
 113 0080 0222     		movs	r2, #2
 114 0082 0021     		movs	r1, #0
 115 0084 2046     		mov	r0, r4
 116 0086 FFF7FEFF 		bl	gpio_output_options_set
 117              	.LVL11:
  20:bsp_led.c     **** }...
 118              		.loc 1 20 1 is_stmt 0 view .LVU13
 119 008a F8BD     		pop	{r3, r4, r5, r6, r7, pc}
 120              	.L4:
 121              		.align	2
 122              	.L3:
 123 008c 00100240 		.word	1073876992
 124 0090 000C0240 		.word	1073875968
 125 0094 00180240 		.word	1073879040
 126 0098 00000240 		.word	1073872896
 127              		.cfi_endproc
 128              	.LFE116:
 130              		.text
 131              	.Letext0:
 132              		.file 2 "/Applications/ArmGNUToolchain/12.2.mpacbti-rel1/arm-none-eabi/arm-none-eabi/include/machi
 133              		.file 3 "/Applications/ArmGNUToolchain/12.2.mpacbti-rel1/arm-none-eabi/arm-none-eabi/include/sys/_
 134              		.file 4 "../../../GD32F4xx_Firmware_Library/GD32F4xx_standard_peripheral/Include/gd32f4xx_rcu.h"
 135              		.file 5 "../../../GD32F4xx_Firmware_Library/GD32F4xx_standard_peripheral/Include/gd32f4xx_gpio.h"
ARM GAS  /var/folders/h5/b3x4g50d3yx3hd9mlg8mn_600000gn/T//cc80wOWl.s 			page 4


DEFINED SYMBOLS
                            *ABS*:00000000 bsp_led.c
/var/folders/h5/b3x4g50d3yx3hd9mlg8mn_600000gn/T//cc80wOWl.s:21     .text.led_gpio_config:00000000 $t
/var/folders/h5/b3x4g50d3yx3hd9mlg8mn_600000gn/T//cc80wOWl.s:27     .text.led_gpio_config:00000000 led_gpio_config
/var/folders/h5/b3x4g50d3yx3hd9mlg8mn_600000gn/T//cc80wOWl.s:123    .text.led_gpio_config:0000008c $d

UNDEFINED SYMBOLS
rcu_periph_clock_enable
gpio_mode_set
gpio_output_options_set
